{"numTotalTestSuites":10,"numPassedTestSuites":3,"numFailedTestSuites":7,"numPendingTestSuites":0,"numTotalTests":15,"numPassedTests":7,"numFailedTests":8,"numPendingTests":0,"numTodoTests":0,"snapshot":{"added":0,"failure":false,"filesAdded":0,"filesRemoved":0,"filesRemovedList":[],"filesUnmatched":0,"filesUpdated":0,"matched":0,"total":0,"unchecked":0,"uncheckedKeysByFile":[],"unmatched":0,"updated":0,"didUpdate":false},"startTime":1771921776344,"success":false,"testResults":[{"assertionResults":[{"ancestorTitles":["Authentication & Authorization","Login Flow"],"fullName":"Authentication & Authorization Login Flow should login with valid credentials and get role in session","status":"failed","title":"should login with valid credentials and get role in session","duration":979.0275999999994,"failureMessages":["TestingLibraryElementError: Found multiple elements with the text of: /Password/i\n\nHere are the matching elements:\n\nIgnored nodes: comments, script, style\n\u001b[36m<input\u001b[39m\n  \u001b[33mautocomplete\u001b[39m=\u001b[32m\"current-password\"\u001b[39m\n  \u001b[33mclass\u001b[39m=\u001b[32m\"block w-full rounded-lg border px-3.5 py-2.5 pr-10 text-sm text-slate-900 shadow-sm placeholder:text-slate-400 focus:outline-none focus:ring-2 focus:ring-blue-500 border-slate-300\"\u001b[39m\n  \u001b[33mid\u001b[39m=\u001b[32m\"password\"\u001b[39m\n  \u001b[33mname\u001b[39m=\u001b[32m\"password\"\u001b[39m\n  \u001b[33mplaceholder\u001b[39m=\u001b[32m\"••••••••\"\u001b[39m\n  \u001b[33mtype\u001b[39m=\u001b[32m\"password\"\u001b[39m\n\u001b[36m/>\u001b[39m\n\nIgnored nodes: comments, script, style\n\u001b[36m<button\u001b[39m\n  \u001b[33maria-label\u001b[39m=\u001b[32m\"Show password\"\u001b[39m\n  \u001b[33mclass\u001b[39m=\u001b[32m\"absolute inset-y-0 right-0 flex items-center pr-3 text-slate-400 hover:text-slate-600\"\u001b[39m\n  \u001b[33mtabindex\u001b[39m=\u001b[32m\"-1\"\u001b[39m\n  \u001b[33mtype\u001b[39m=\u001b[32m\"button\"\u001b[39m\n\u001b[36m>\u001b[39m\n  \u001b[36m<svg\u001b[39m\n    \u001b[33maria-hidden\u001b[39m=\u001b[32m\"true\"\u001b[39m\n    \u001b[33mclass\u001b[39m=\u001b[32m\"lucide lucide-eye h-4 w-4\"\u001b[39m\n    \u001b[33mfill\u001b[39m=\u001b[32m\"none\"\u001b[39m\n    \u001b[33mheight\u001b[39m=\u001b[32m\"24\"\u001b[39m\n    \u001b[33mstroke\u001b[39m=\u001b[32m\"currentColor\"\u001b[39m\n    \u001b[33mstroke-linecap\u001b[39m=\u001b[32m\"round\"\u001b[39m\n    \u001b[33mstroke-linejoin\u001b[39m=\u001b[32m\"round\"\u001b[39m\n    \u001b[33mstroke-width\u001b[39m=\u001b[32m\"2\"\u001b[39m\n    \u001b[33mviewBox\u001b[39m=\u001b[32m\"0 0 24 24\"\u001b[39m\n    \u001b[33mwidth\u001b[39m=\u001b[32m\"24\"\u001b[39m\n    \u001b[33mxmlns\u001b[39m=\u001b[32m\"http://www.w3.org/2000/svg\"\u001b[39m\n  \u001b[36m>\u001b[39m\n    \u001b[36m<path\u001b[39m\n      \u001b[33md\u001b[39m=\u001b[32m\"M2.062 12.348a1 1 0 0 1 0-.696 10.75 10.75 0 0 1 19.876 0 1 1 0 0 1 0 .696 10.75 10.75 0 0 1-19.876 0\"\u001b[39m\n    \u001b[36m/>\u001b[39m\n    \u001b[36m<circle\u001b[39m\n      \u001b[33mcx\u001b[39m=\u001b[32m\"12\"\u001b[39m\n      \u001b[33mcy\u001b[39m=\u001b[32m\"12\"\u001b[39m\n      \u001b[33mr\u001b[39m=\u001b[32m\"3\"\u001b[39m\n    \u001b[36m/>\u001b[39m\n  \u001b[36m</svg>\u001b[39m\n\u001b[36m</button>\u001b[39m\n\n(If this is intentional, then use the `*AllBy*` variant of the query (like `queryAllByText`, `getAllByText`, or `findAllByText`)).\n\nIgnored nodes: comments, script, style\n\u001b[36m<body>\u001b[39m\n  \u001b[36m<div>\u001b[39m\n    \u001b[36m<div\u001b[39m\n      \u001b[33mclass\u001b[39m=\u001b[32m\"flex min-h-screen\"\u001b[39m\n    \u001b[36m>\u001b[39m\n      \u001b[36m<div\u001b[39m\n        \u001b[33mclass\u001b[39m=\u001b[32m\"hidden lg:flex lg:w-1/2 flex-col justify-center items-center bg-gradient-to-br from-blue-700 via-blue-600 to-indigo-700 text-white px-16\"\u001b[39m\n      \u001b[36m>\u001b[39m\n        \u001b[36m<div\u001b[39m\n          \u001b[33mclass\u001b[39m=\u001b[32m\"flex items-center gap-4 mb-8\"\u001b[39m\n        \u001b[36m>\u001b[39m\n          \u001b[36m<div\u001b[39m\n            \u001b[33mclass\u001b[39m=\u001b[32m\"rounded-2xl bg-white/15 p-4 backdrop-blur-sm\"\u001b[39m\n          \u001b[36m>\u001b[39m\n            \u001b[36m<svg\u001b[39m\n              \u001b[33maria-hidden\u001b[39m=\u001b[32m\"true\"\u001b[39m\n              \u001b[33mclass\u001b[39m=\u001b[32m\"lucide lucide-pill h-10 w-10\"\u001b[39m\n              \u001b[33mfill\u001b[39m=\u001b[32m\"none\"\u001b[39m\n              \u001b[33mheight\u001b[39m=\u001b[32m\"24\"\u001b[39m\n              \u001b[33mstroke\u001b[39m=\u001b[32m\"currentColor\"\u001b[39m\n              \u001b[33mstroke-linecap\u001b[39m=\u001b[32m\"round\"\u001b[39m\n              \u001b[33mstroke-linejoin\u001b[39m=\u001b[32m\"round\"\u001b[39m\n              \u001b[33mstroke-width\u001b[39m=\u001b[32m\"2\"\u001b[39m\n              \u001b[33mviewBox\u001b[39m=\u001b[32m\"0 0 24 24\"\u001b[39m\n              \u001b[33mwidth\u001b[39m=\u001b[32m\"24\"\u001b[39m\n              \u001b[33mxmlns\u001b[39m=\u001b[32m\"http://www.w3.org/2000/svg\"\u001b[39m\n            \u001b[36m>\u001b[39m\n              \u001b[36m<path\u001b[39m\n                \u001b[33md\u001b[39m=\u001b[32m\"m10.5 20.5 10-10a4.95 4.95 0 1 0-7-7l-10 10a4.95 4.95 0 1 0 7 7Z\"\u001b[39m\n              \u001b[36m/>\u001b[39m\n              \u001b[36m<path\u001b[39m\n                \u001b[33md\u001b[39m=\u001b[32m\"m8.5 8.5 7 7\"\u001b[39m\n              \u001b[36m/>\u001b[39m\n            \u001b[36m</svg>\u001b[39m\n          \u001b[36m</div>\u001b[39m\n          \u001b[36m<div>\u001b[39m\n            \u001b[36m<h1\u001b[39m\n              \u001b[33mclass\u001b[39m=\u001b[32m\"text-3xl font-bold tracking-tight\"\u001b[39m\n            \u001b[36m>\u001b[39m\n              \u001b[0mPharmaCare\u001b[0m\n            \u001b[36m</h1>\u001b[39m\n            \u001b[36m<p\u001b[39m\n              \u001b[33mclass\u001b[39m=\u001b[32m\"text-blue-200 text-sm font-medium\"\u001b[39m\n            \u001b[36m>\u001b[39m\n              \u001b[0mManagement System\u001b[0m\n            \u001b[36m</p>\u001b[39m\n          \u001b[36m</div>\u001b[39m\n        \u001b[36m</div>\u001b[39m\n        \u001b[36m<p\u001b[39m\n          \u001b[33mclass\u001b[39m=\u001b[32m\"max-w-md text-center text-blue-100 text-lg leading-relaxed\"\u001b[39m\n        \u001b[36m>\u001b[39m\n          \u001b[0mStreamline your pharmacy operations with intelligent inventory management, prescription tracking, and real-time analytics.\u001b[0m\n        \u001b[36m</p>\u001b[39m\n        \u001b[36m<div\u001b[39m\n          \u001b[33mclass\u001b[39m=\u001b[32m\"mt-12 grid grid-cols-3 gap-6 text-center\"\u001b[39m\n        \u001b[36m>\u001b[39m\n          \u001b[36m<div\u001b[39m\n            \u001b[33mclass\u001b[39m=\u001b[32m\"rounded-xl bg-white/10 px-4 py-3 backdrop-blur-sm\"\u001b[39m\n          \u001b[36m>\u001b[39m\n            \u001b[36m<p\u001b[39m\n              \u001b[33mclass\u001b[39m=\u001b[32m\"text-xl font-bold\"\u001b[39m\n            \u001b[36m>\u001b[39m\n              \u001b[0m20+\u001b[0m\n            \u001b[36m</p>\u001b[39m\n            \u001b[36m<p\u001b[39m\n              \u001b[33mclass\u001b[39m=\u001b[32m\"text-xs text-blue-200\"\u001b[39m\n            \u001b[36m>\u001b[39m\n              \u001b[0mProducts\u001b[0m\n            \u001b[36m</p>\u001b[39m\n          \u001b[36m</div>\u001b[39m\n          \u001b[36m<div\u001b[39m\n            \u001b[33mclass\u001b[39m=\u001b[32m\"rounded-xl bg-white/10 px-4 py-3 backdrop-blur-sm\"\u001b[39m\n          \u001b[36m>\u001b[39m\n            \u001b[36m<p\u001b[39m\n              \u001b[33mclass\u001b[39m=\u001b[32m\"text-xl font-bold\"\u001b[39m\n            \u001b[36m>\u001b[39m\n              \u001b[0m24/7\u001b[0m\n            \u001b[36m</p>\u001b[39m\n            \u001b[36m<p\u001b[39m\n              \u001b[33mclass\u001b[39m=\u001b[32m\"text-xs text-blue-200\"\u001b[39m\n            \u001b[36m>\u001b[39m\n              \u001b[0mMonitoring\u001b[0m\n            \u001b[36m</p>\u001b[39m\n          \u001b[36m</div>\u001b[39m\n          \u001b[36m<div\u001b[39m\n            \u001b[33mclass\u001b[39m=\u001b[32m\"rounded-xl bg-white/10 px-4 py-3 backdrop-blur-sm\"\u001b[39m\n          \u001b[36m>\u001b[39m\n            \u001b[36m<p\u001b[39m\n              \u001b[33mclass\u001b[39m=\u001b[32m\"text-xl font-bold\"\u001b[39m\n            \u001b[36m>\u001b[39m\n              \u001b[0m99.9%\u001b[0m\n            \u001b[36m</p>\u001b[39m\n            \u001b[36m<p\u001b[39m\n              \u001b[33mclass\u001b[39m=\u001b[32m\"text-xs text-blue-200\"\u001b[39m\n            \u001b[36m>\u001b[39m\n              \u001b[0mUptime\u001b[0m\n            \u001b[36m</p>\u001b[39m\n          \u001b[36m</div>\u001b[39m\n        \u001b[36m</div>\u001b[39m\n      \u001b[36m</div>\u001b[39m\n      \u001b[36m<div\u001b[39m\n        \u001b[33mclass\u001b[39m=\u001b[32m\"flex w-full flex-col justify-center px-8 sm:px-16 lg:w-1/2 bg-slate-50\"\u001b[39m\n      \u001b[36m>\u001b[39m\n        \u001b[36m<div\u001b[39m\n          \u001b[33mclass\u001b[39m=\u001b[32m\"mb-8 flex items-center gap-3 lg:hidden\"\u001b[39m\n        \u001b[36m>\u001b[39m\n          \u001b[36m<div\u001b[39m\n            \u001b[33mclass\u001b[39m=\u001b[32m\"rounded-xl bg-blue-600 p-2.5\"\u001b[39m\n          \u001b[36m>\u001b[39m\n            \u001b[36m<svg\u001b[39m\n              \u001b[33maria-hidden\u001b[39m=\u001b[32m\"true\"\u001b[39m\n              \u001b[33mclass\u001b[39m=\u001b[32m\"lucide lucide-pill h-6 w-6 text-white\"\u001b[39m\n              \u001b[33mfill\u001b[39m=\u001b[32m\"none\"\u001b[39m\n              \u001b[33mheight\u001b[39m=\u001b[32m\"24\"\u001b[39m\n              \u001b[33mstroke\u001b[39m=\u001b[32m\"currentColor\"\u001b[39m\n              \u001b[33mstroke-linecap\u001b[39m=\u001b[32m\"round\"\u001b[39m\n              \u001b[33mstroke-linejoin\u001b[39m=\u001b[32m\"round\"\u001b[39m\n              \u001b[33mstroke-width\u001b[39m=\u001b[32m\"2\"\u001b[39m\n              \u001b[33mviewBox\u001b[39m=\u001b[32m\"0 0 24 24\"\u001b[39m\n              \u001b[33mwidth\u001b[39m=\u001b[32m\"24\"\u001b[39m\n              \u001b[33mxmlns\u001b[39m=\u001b[32m\"http://www.w3.org/2000/svg\"\u001b[39m\n            \u001b[36m>\u001b[39m\n              \u001b[36m<path\u001b[39m\n                \u001b[33md\u001b[39m=\u001b[32m\"m10.5 20.5 10-10a4.95 4.95 0 1 0-7-7l-10 10a4.95 4.95 0 1 0 7 7Z\"\u001b[39m\n              \u001b[36m/>\u001b[39m\n              \u001b[36m<path\u001b[39m\n                \u001b[33md\u001b[39m=\u001b[32m\"m8.5 8.5 7 7\"\u001b[39m\n              \u001b[36m/>\u001b[39m\n            \u001b[36m</svg>\u001b[39m\n          \u001b[36m</div>\u001b[39m\n          \u001b[36m<span\u001b[39m\n            \u001b[33mclass\u001b[39m=\u001b[32m\"text-xl font-bold text-slate-900\"\u001b[39m\n          \u001b[36m>\u001b[39m\n            \u001b[0mPharmaCare\u001b[0m\n          \u001b[36m</span>\u001b[39m\n        \u001b[36m</div>\u001b[39m\n        \u001b[36m<div\u001b[39m\n          \u001b[33mclass\u001b[39m=\u001b[32m\"mx-auto w-full max-w-sm\"\u001b[39m\n        \u001b[36m>\u001b[39m\n          \u001b[36m<h2\u001b[39m\n            \u001b[33mclass\u001b[39m=\u001b[32m\"text-2xl font-bold text-slate-900\"\u001b[39m\n          \u001b[36m>\u001b[39m\n            \u001b[0mWelcome back\u001b[0m\n          \u001b[36m</h2>\u001b[39m\n          \u001b[36m<p\u001b[39m\n            \u001b[33mclass\u001b[39m=\u001b[32m\"mt-1 text-sm text-slate-500\"\u001b[39m\n          \u001b[36m>\u001b[39m\n            \u001b[0mSign in to your pharmacy account\u001b[0m\n          \u001b[36m</p>\u001b[39m\n          \u001b[36m<form\u001b[39m\n            \u001b[33mclass\u001b[39m=\u001b[32m\"mt-8 space-y-5\"\u001b[39m\n          \u001b[36m>\u001b[39m\n            \u001b[36m<div>\u001b[39m\n              \u001b[36m<label\u001b[39m\n                \u001b[33mclass\u001b[39m=\u001b[32m\"block text-sm font-medium text-slate-700\"\u001b[39m\n                \u001b[33mfor\u001b[39m=\u001b[32m\"email\"\u001b[39m\n              \u001b[36m>\u001b[39m\n                \u001b[0mEmail address\u001b[0m\n              \u001b[36m</label>\u001b[39m\n              \u001b[36m<input\u001b[39m\n                \u001b[33mautocomplete\u001b[39m=\u001b[32m\"email\"\u001b[39m\n                \u001b[33mclass\u001b[39m=\u001b[32m\"mt-1.5 block w-full rounded-lg border px-3.5 py-2.5 text-sm text-slate-900 shadow-sm placeholder:text-slate-400 focus:outline-none focus:ring-2 focus:ring-blue-500 border-slate-300\"\u001b[39m\n                \u001b[33mid\u001b[39m=\u001b[32m\"email\"\u001b[39m\n                \u001b[33mname\u001b[39m=\u001b[32m\"email\"\u001b[39m\n                \u001b[33mplaceholder\u001b[39m=\u001b[32m\"you@pharmacy.com\"\u001b[39m\n                \u001b[33mtype\u001b[39m=\u001b[32m\"email\"\u001b[39m\n              \u001b[36m/>\u001b[39m\n            \u001b[36m</div>\u001b[39m\n            \u001b[36m<div>\u001b[39m\n              \u001b[36m<label\u001b[39m\n                \u001b[33mclass\u001b[39m=\u001b[32m\"block text-sm font-medium text-slate-700\"\u001b[39m\n                \u001b[33mfor\u001b[39m=\u001b[32m\"password\"\u001b[39m\n              \u001b[36m>\u001b[39m\n                \u001b[0mPassword\u001b[0m\n              \u001b[36m</label>\u001b[39m\n              \u001b[36m<div\u001b[39m\n                \u001b[33mclass\u001b[39m=\u001b[32m\"relative mt-1.5\"\u001b[39m\n              \u001b[36m>\u001b[39m\n                \u001b[36m<input\u001b[39m\n                  \u001b[33mautocomplete\u001b[39m=\u001b[32m\"current-password\"\u001b[39m\n                  \u001b[33mclass\u001b[39m=\u001b[32m\"block w-full rounded-lg border px-3.5 py-2.5 pr-10 text-sm text-slate-900 shadow-sm placeholder:text-slate-400 focus:outline-none focus:ring-2 focus:ring-blue-500 border-slate-300\"\u001b[39m\n                  \u001b[33mid\u001b[39m=\u001b[32m\"password\"\u001b[39m\n                  \u001b[33mname\u001b[39m=\u001b[32m\"password\"\u001b[39m\n                  \u001b[33mplaceholder\u001b[39m=\u001b[32m\"••••••••\"\u001b[39m\n                  \u001b[33mtype\u001b[39m=\u001b[32m\"password\"\u001b[39m\n                \u001b[36m/>\u001b[39m\n                \u001b[36m<button\u001b[39m\n                  \u001b[33maria-label\u001b[39m=\u001b[32m\"Show password\"\u001b[39m\n                  \u001b[33mclass\u001b[39m=\u001b[32m\"absolute inset-y-0 right-0 flex items-center pr-3 text-slate-400 hover:text-slate-600\"\u001b[39m\n                  \u001b[33mtabindex\u001b[39m=\u001b[32m\"-1\"\u001b[39m\n                  \u001b[33mtype\u001b[39m=\u001b[32m\"button\"\u001b[39m\n                \u001b[36m>\u001b[39m\n                  \u001b[36m<svg\u001b[39m\n                    \u001b[33maria-hidden\u001b[39m=\u001b[32m\"true\"\u001b[39m\n                    \u001b[33mclass\u001b[39m=\u001b[32m\"lucide lucide-eye h-4 w-4\"\u001b[39m\n                    \u001b[33mfill\u001b[39m=\u001b[32m\"none\"\u001b[39m\n                    \u001b[33mheight\u001b[39m=\u001b[32m\"24\"\u001b[39m\n                    \u001b[33mstroke\u001b[39m=\u001b[32m\"currentColor\"\u001b[39m\n                    \u001b[33mstroke-linecap\u001b[39m=\u001b[32m\"round\"\u001b[39m\n                    \u001b[33mstroke-linejoin\u001b[39m=\u001b[32m\"round\"\u001b[39m\n                    \u001b[33mstroke-width\u001b[39m=\u001b[32m\"2\"\u001b[39m\n                    \u001b[33mviewBox\u001b[39m=\u001b[32m\"0 0 24 24\"\u001b[39m\n                    \u001b[33mwidth\u001b[39m=\u001b[32m\"24\"\u001b[39m\n                    \u001b[33mxmlns\u001b[39m=\u001b[32m\"http://www.w3.org/2000/svg\"\u001b[39m\n                  \u001b[36m>\u001b[39m\n                    \u001b[36m<path\u001b[39m\n                      \u001b[33md\u001b[39m=\u001b[32m\"M2.062 12.348a1 1 0 0 1 0-.696 10.75 10.75 0 0 1 19.876 0 1 1 0 0 1 0 .696 10.75 10.75 0 0 1-19.876 0\"\u001b[39m\n                    \u001b[36m/>\u001b[39m\n                    \u001b[36m<circle\u001b[39m\n                      \u001b[33mcx\u001b[39m=\u001b[32m\"12\"\u001b[39m\n                      \u001b[33mcy\u001b[39m=\u001b[32m\"12\"\u001b[39m\n                      \u001b[33mr\u001b[39m=\u001b[32m\"3\"\u001b[39m\n                    \u001b[36m/>\u001b[39m\n                  \u001b[36m</svg>\u001b[39m\n                \u001b[36m</button>\u001b[39m\n              \u001b[36m</div>\u001b[39m\n            \u001b[36m</div>\u001b[39m\n            \u001b[36m<div\u001b[39m\n              \u001b[33mclass\u001b[39m=\u001b[32m\"flex items-center justify-between\"\u001b[39m\n            \u001b[36m>\u001b[39m\n              \u001b[36m<label\u001b[39m\n                \u001b[33mclass\u001b[39m=\u001b[32m\"flex items-center gap-2 text-sm text-slate-600 cursor-pointer\"\u001b[39m\n              \u001b[36m>\u001b[39m\n                \u001b[36m<input\u001b[39m\n                  \u001b[33mclass\u001b[39m=\u001b[32m\"h-4 w-4 rounded border-slate-300 text-blue-600 focus:ring-blue-500\"\u001b[39m\n                  \u001b[33mname\u001b[39m=\u001b[32m\"rememberMe\"\u001b[39m\n                  \u001b[33mtype\u001b[39m=\u001b[32m\"checkbox\"\u001b[39m\n                \u001b[36m/>\u001b[39m\n                \u001b[0mRemember me\u001b[0m\n              \u001b[36m</label>\u001b[39m\n            \u001b[36m</div>\u001b[39m\n            \u001b[36m<button\u001b[39m\n              \u001b[33mclass\u001b[39m=\u001b[32m\"flex w-full items-center justify-center gap-2 rounded-lg bg-blue-600 px-4 py-2.5 text-sm font-semibold text-white shadow-sm transition-all hover:bg-blue-700 focus:outline-none focus:ring-2 focus:ring-blue-500 focus:ring-offset-2 disabled:opacity-60 disabled:cursor-not-allowed\"\u001b[39m\n              \u001b[33mtype\u001b[39m=\u001b[32m\"submit\"\u001b[39m\n            \u001b[36m>\u001b[39m\n              \u001b[0mSign in\u001b[0m\n            \u001b[36m</button>\u001b[39m\n          \u001b[36m</form>\u001b[39m\n          \u001b[36m<p\u001b[39m\n            \u001b[33mclass\u001b[39m=\u001b[32m\"mt-8 text-center text-xs text-slate-400\"\u001b[39m\n          \u001b[36m>\u001b[39m\n            \u001b[0mPharmaCare Management System v1.0\u001b[0m\n          \u001b[36m</p>\u001b[39m\n        \u001b[36m</div>\u001b[39m\n      \u001b[36m</div>\u001b[39m\n    \u001b[36m</div>\u001b[39m\n  \u001b[36m</div>\u001b[39m\n\u001b[36m</body>\u001b[39m\n    at Object.getElementError (D:\\PharmacyManagementSys\\pharmacy-ms\\node_modules\\@testing-library\\dom\\dist\\config.js:37:19)\n    at getElementError (D:\\PharmacyManagementSys\\pharmacy-ms\\node_modules\\@testing-library\\dom\\dist\\query-helpers.js:20:35)\n    at getMultipleElementsFoundError (D:\\PharmacyManagementSys\\pharmacy-ms\\node_modules\\@testing-library\\dom\\dist\\query-helpers.js:23:10)\n    at D:\\PharmacyManagementSys\\pharmacy-ms\\node_modules\\@testing-library\\dom\\dist\\query-helpers.js:55:13\n    at getByLabelText (D:\\PharmacyManagementSys\\pharmacy-ms\\node_modules\\@testing-library\\dom\\dist\\query-helpers.js:95:19)\n    at D:/PharmacyManagementSys/pharmacy-ms/src/tests/auth.test.tsx:61:36\n    at file:///D:/PharmacyManagementSys/pharmacy-ms/node_modules/@vitest/runner/dist/index.js:915:20"],"meta":{}},{"ancestorTitles":["Authentication & Authorization","Login Flow"],"fullName":"Authentication & Authorization Login Flow should show error toast with invalid credentials","status":"failed","title":"should show error toast with invalid credentials","duration":382.2433000000001,"failureMessages":["TestingLibraryElementError: Found multiple elements with the text of: /Password/i\n\nHere are the matching elements:\n\nIgnored nodes: comments, script, style\n\u001b[36m<input\u001b[39m\n  \u001b[33mautocomplete\u001b[39m=\u001b[32m\"current-password\"\u001b[39m\n  \u001b[33mclass\u001b[39m=\u001b[32m\"block w-full rounded-lg border px-3.5 py-2.5 pr-10 text-sm text-slate-900 shadow-sm placeholder:text-slate-400 focus:outline-none focus:ring-2 focus:ring-blue-500 border-slate-300\"\u001b[39m\n  \u001b[33mid\u001b[39m=\u001b[32m\"password\"\u001b[39m\n  \u001b[33mname\u001b[39m=\u001b[32m\"password\"\u001b[39m\n  \u001b[33mplaceholder\u001b[39m=\u001b[32m\"••••••••\"\u001b[39m\n  \u001b[33mtype\u001b[39m=\u001b[32m\"password\"\u001b[39m\n\u001b[36m/>\u001b[39m\n\nIgnored nodes: comments, script, style\n\u001b[36m<button\u001b[39m\n  \u001b[33maria-label\u001b[39m=\u001b[32m\"Show password\"\u001b[39m\n  \u001b[33mclass\u001b[39m=\u001b[32m\"absolute inset-y-0 right-0 flex items-center pr-3 text-slate-400 hover:text-slate-600\"\u001b[39m\n  \u001b[33mtabindex\u001b[39m=\u001b[32m\"-1\"\u001b[39m\n  \u001b[33mtype\u001b[39m=\u001b[32m\"button\"\u001b[39m\n\u001b[36m>\u001b[39m\n  \u001b[36m<svg\u001b[39m\n    \u001b[33maria-hidden\u001b[39m=\u001b[32m\"true\"\u001b[39m\n    \u001b[33mclass\u001b[39m=\u001b[32m\"lucide lucide-eye h-4 w-4\"\u001b[39m\n    \u001b[33mfill\u001b[39m=\u001b[32m\"none\"\u001b[39m\n    \u001b[33mheight\u001b[39m=\u001b[32m\"24\"\u001b[39m\n    \u001b[33mstroke\u001b[39m=\u001b[32m\"currentColor\"\u001b[39m\n    \u001b[33mstroke-linecap\u001b[39m=\u001b[32m\"round\"\u001b[39m\n    \u001b[33mstroke-linejoin\u001b[39m=\u001b[32m\"round\"\u001b[39m\n    \u001b[33mstroke-width\u001b[39m=\u001b[32m\"2\"\u001b[39m\n    \u001b[33mviewBox\u001b[39m=\u001b[32m\"0 0 24 24\"\u001b[39m\n    \u001b[33mwidth\u001b[39m=\u001b[32m\"24\"\u001b[39m\n    \u001b[33mxmlns\u001b[39m=\u001b[32m\"http://www.w3.org/2000/svg\"\u001b[39m\n  \u001b[36m>\u001b[39m\n    \u001b[36m<path\u001b[39m\n      \u001b[33md\u001b[39m=\u001b[32m\"M2.062 12.348a1 1 0 0 1 0-.696 10.75 10.75 0 0 1 19.876 0 1 1 0 0 1 0 .696 10.75 10.75 0 0 1-19.876 0\"\u001b[39m\n    \u001b[36m/>\u001b[39m\n    \u001b[36m<circle\u001b[39m\n      \u001b[33mcx\u001b[39m=\u001b[32m\"12\"\u001b[39m\n      \u001b[33mcy\u001b[39m=\u001b[32m\"12\"\u001b[39m\n      \u001b[33mr\u001b[39m=\u001b[32m\"3\"\u001b[39m\n    \u001b[36m/>\u001b[39m\n  \u001b[36m</svg>\u001b[39m\n\u001b[36m</button>\u001b[39m\n\n(If this is intentional, then use the `*AllBy*` variant of the query (like `queryAllByText`, `getAllByText`, or `findAllByText`)).\n\nIgnored nodes: comments, script, style\n\u001b[36m<body>\u001b[39m\n  \u001b[36m<div>\u001b[39m\n    \u001b[36m<div\u001b[39m\n      \u001b[33mclass\u001b[39m=\u001b[32m\"flex min-h-screen\"\u001b[39m\n    \u001b[36m>\u001b[39m\n      \u001b[36m<div\u001b[39m\n        \u001b[33mclass\u001b[39m=\u001b[32m\"hidden lg:flex lg:w-1/2 flex-col justify-center items-center bg-gradient-to-br from-blue-700 via-blue-600 to-indigo-700 text-white px-16\"\u001b[39m\n      \u001b[36m>\u001b[39m\n        \u001b[36m<div\u001b[39m\n          \u001b[33mclass\u001b[39m=\u001b[32m\"flex items-center gap-4 mb-8\"\u001b[39m\n        \u001b[36m>\u001b[39m\n          \u001b[36m<div\u001b[39m\n            \u001b[33mclass\u001b[39m=\u001b[32m\"rounded-2xl bg-white/15 p-4 backdrop-blur-sm\"\u001b[39m\n          \u001b[36m>\u001b[39m\n            \u001b[36m<svg\u001b[39m\n              \u001b[33maria-hidden\u001b[39m=\u001b[32m\"true\"\u001b[39m\n              \u001b[33mclass\u001b[39m=\u001b[32m\"lucide lucide-pill h-10 w-10\"\u001b[39m\n              \u001b[33mfill\u001b[39m=\u001b[32m\"none\"\u001b[39m\n              \u001b[33mheight\u001b[39m=\u001b[32m\"24\"\u001b[39m\n              \u001b[33mstroke\u001b[39m=\u001b[32m\"currentColor\"\u001b[39m\n              \u001b[33mstroke-linecap\u001b[39m=\u001b[32m\"round\"\u001b[39m\n              \u001b[33mstroke-linejoin\u001b[39m=\u001b[32m\"round\"\u001b[39m\n              \u001b[33mstroke-width\u001b[39m=\u001b[32m\"2\"\u001b[39m\n              \u001b[33mviewBox\u001b[39m=\u001b[32m\"0 0 24 24\"\u001b[39m\n              \u001b[33mwidth\u001b[39m=\u001b[32m\"24\"\u001b[39m\n              \u001b[33mxmlns\u001b[39m=\u001b[32m\"http://www.w3.org/2000/svg\"\u001b[39m\n            \u001b[36m>\u001b[39m\n              \u001b[36m<path\u001b[39m\n                \u001b[33md\u001b[39m=\u001b[32m\"m10.5 20.5 10-10a4.95 4.95 0 1 0-7-7l-10 10a4.95 4.95 0 1 0 7 7Z\"\u001b[39m\n              \u001b[36m/>\u001b[39m\n              \u001b[36m<path\u001b[39m\n                \u001b[33md\u001b[39m=\u001b[32m\"m8.5 8.5 7 7\"\u001b[39m\n              \u001b[36m/>\u001b[39m\n            \u001b[36m</svg>\u001b[39m\n          \u001b[36m</div>\u001b[39m\n          \u001b[36m<div>\u001b[39m\n            \u001b[36m<h1\u001b[39m\n              \u001b[33mclass\u001b[39m=\u001b[32m\"text-3xl font-bold tracking-tight\"\u001b[39m\n            \u001b[36m>\u001b[39m\n              \u001b[0mPharmaCare\u001b[0m\n            \u001b[36m</h1>\u001b[39m\n            \u001b[36m<p\u001b[39m\n              \u001b[33mclass\u001b[39m=\u001b[32m\"text-blue-200 text-sm font-medium\"\u001b[39m\n            \u001b[36m>\u001b[39m\n              \u001b[0mManagement System\u001b[0m\n            \u001b[36m</p>\u001b[39m\n          \u001b[36m</div>\u001b[39m\n        \u001b[36m</div>\u001b[39m\n        \u001b[36m<p\u001b[39m\n          \u001b[33mclass\u001b[39m=\u001b[32m\"max-w-md text-center text-blue-100 text-lg leading-relaxed\"\u001b[39m\n        \u001b[36m>\u001b[39m\n          \u001b[0mStreamline your pharmacy operations with intelligent inventory management, prescription tracking, and real-time analytics.\u001b[0m\n        \u001b[36m</p>\u001b[39m\n        \u001b[36m<div\u001b[39m\n          \u001b[33mclass\u001b[39m=\u001b[32m\"mt-12 grid grid-cols-3 gap-6 text-center\"\u001b[39m\n        \u001b[36m>\u001b[39m\n          \u001b[36m<div\u001b[39m\n            \u001b[33mclass\u001b[39m=\u001b[32m\"rounded-xl bg-white/10 px-4 py-3 backdrop-blur-sm\"\u001b[39m\n          \u001b[36m>\u001b[39m\n            \u001b[36m<p\u001b[39m\n              \u001b[33mclass\u001b[39m=\u001b[32m\"text-xl font-bold\"\u001b[39m\n            \u001b[36m>\u001b[39m\n              \u001b[0m20+\u001b[0m\n            \u001b[36m</p>\u001b[39m\n            \u001b[36m<p\u001b[39m\n              \u001b[33mclass\u001b[39m=\u001b[32m\"text-xs text-blue-200\"\u001b[39m\n            \u001b[36m>\u001b[39m\n              \u001b[0mProducts\u001b[0m\n            \u001b[36m</p>\u001b[39m\n          \u001b[36m</div>\u001b[39m\n          \u001b[36m<div\u001b[39m\n            \u001b[33mclass\u001b[39m=\u001b[32m\"rounded-xl bg-white/10 px-4 py-3 backdrop-blur-sm\"\u001b[39m\n          \u001b[36m>\u001b[39m\n            \u001b[36m<p\u001b[39m\n              \u001b[33mclass\u001b[39m=\u001b[32m\"text-xl font-bold\"\u001b[39m\n            \u001b[36m>\u001b[39m\n              \u001b[0m24/7\u001b[0m\n            \u001b[36m</p>\u001b[39m\n            \u001b[36m<p\u001b[39m\n              \u001b[33mclass\u001b[39m=\u001b[32m\"text-xs text-blue-200\"\u001b[39m\n            \u001b[36m>\u001b[39m\n              \u001b[0mMonitoring\u001b[0m\n            \u001b[36m</p>\u001b[39m\n          \u001b[36m</div>\u001b[39m\n          \u001b[36m<div\u001b[39m\n            \u001b[33mclass\u001b[39m=\u001b[32m\"rounded-xl bg-white/10 px-4 py-3 backdrop-blur-sm\"\u001b[39m\n          \u001b[36m>\u001b[39m\n            \u001b[36m<p\u001b[39m\n              \u001b[33mclass\u001b[39m=\u001b[32m\"text-xl font-bold\"\u001b[39m\n            \u001b[36m>\u001b[39m\n              \u001b[0m99.9%\u001b[0m\n            \u001b[36m</p>\u001b[39m\n            \u001b[36m<p\u001b[39m\n              \u001b[33mclass\u001b[39m=\u001b[32m\"text-xs text-blue-200\"\u001b[39m\n            \u001b[36m>\u001b[39m\n              \u001b[0mUptime\u001b[0m\n            \u001b[36m</p>\u001b[39m\n          \u001b[36m</div>\u001b[39m\n        \u001b[36m</div>\u001b[39m\n      \u001b[36m</div>\u001b[39m\n      \u001b[36m<div\u001b[39m\n        \u001b[33mclass\u001b[39m=\u001b[32m\"flex w-full flex-col justify-center px-8 sm:px-16 lg:w-1/2 bg-slate-50\"\u001b[39m\n      \u001b[36m>\u001b[39m\n        \u001b[36m<div\u001b[39m\n          \u001b[33mclass\u001b[39m=\u001b[32m\"mb-8 flex items-center gap-3 lg:hidden\"\u001b[39m\n        \u001b[36m>\u001b[39m\n          \u001b[36m<div\u001b[39m\n            \u001b[33mclass\u001b[39m=\u001b[32m\"rounded-xl bg-blue-600 p-2.5\"\u001b[39m\n          \u001b[36m>\u001b[39m\n            \u001b[36m<svg\u001b[39m\n              \u001b[33maria-hidden\u001b[39m=\u001b[32m\"true\"\u001b[39m\n              \u001b[33mclass\u001b[39m=\u001b[32m\"lucide lucide-pill h-6 w-6 text-white\"\u001b[39m\n              \u001b[33mfill\u001b[39m=\u001b[32m\"none\"\u001b[39m\n              \u001b[33mheight\u001b[39m=\u001b[32m\"24\"\u001b[39m\n              \u001b[33mstroke\u001b[39m=\u001b[32m\"currentColor\"\u001b[39m\n              \u001b[33mstroke-linecap\u001b[39m=\u001b[32m\"round\"\u001b[39m\n              \u001b[33mstroke-linejoin\u001b[39m=\u001b[32m\"round\"\u001b[39m\n              \u001b[33mstroke-width\u001b[39m=\u001b[32m\"2\"\u001b[39m\n              \u001b[33mviewBox\u001b[39m=\u001b[32m\"0 0 24 24\"\u001b[39m\n              \u001b[33mwidth\u001b[39m=\u001b[32m\"24\"\u001b[39m\n              \u001b[33mxmlns\u001b[39m=\u001b[32m\"http://www.w3.org/2000/svg\"\u001b[39m\n            \u001b[36m>\u001b[39m\n              \u001b[36m<path\u001b[39m\n                \u001b[33md\u001b[39m=\u001b[32m\"m10.5 20.5 10-10a4.95 4.95 0 1 0-7-7l-10 10a4.95 4.95 0 1 0 7 7Z\"\u001b[39m\n              \u001b[36m/>\u001b[39m\n              \u001b[36m<path\u001b[39m\n                \u001b[33md\u001b[39m=\u001b[32m\"m8.5 8.5 7 7\"\u001b[39m\n              \u001b[36m/>\u001b[39m\n            \u001b[36m</svg>\u001b[39m\n          \u001b[36m</div>\u001b[39m\n          \u001b[36m<span\u001b[39m\n            \u001b[33mclass\u001b[39m=\u001b[32m\"text-xl font-bold text-slate-900\"\u001b[39m\n          \u001b[36m>\u001b[39m\n            \u001b[0mPharmaCare\u001b[0m\n          \u001b[36m</span>\u001b[39m\n        \u001b[36m</div>\u001b[39m\n        \u001b[36m<div\u001b[39m\n          \u001b[33mclass\u001b[39m=\u001b[32m\"mx-auto w-full max-w-sm\"\u001b[39m\n        \u001b[36m>\u001b[39m\n          \u001b[36m<h2\u001b[39m\n            \u001b[33mclass\u001b[39m=\u001b[32m\"text-2xl font-bold text-slate-900\"\u001b[39m\n          \u001b[36m>\u001b[39m\n            \u001b[0mWelcome back\u001b[0m\n          \u001b[36m</h2>\u001b[39m\n          \u001b[36m<p\u001b[39m\n            \u001b[33mclass\u001b[39m=\u001b[32m\"mt-1 text-sm text-slate-500\"\u001b[39m\n          \u001b[36m>\u001b[39m\n            \u001b[0mSign in to your pharmacy account\u001b[0m\n          \u001b[36m</p>\u001b[39m\n          \u001b[36m<form\u001b[39m\n            \u001b[33mclass\u001b[39m=\u001b[32m\"mt-8 space-y-5\"\u001b[39m\n          \u001b[36m>\u001b[39m\n            \u001b[36m<div>\u001b[39m\n              \u001b[36m<label\u001b[39m\n                \u001b[33mclass\u001b[39m=\u001b[32m\"block text-sm font-medium text-slate-700\"\u001b[39m\n                \u001b[33mfor\u001b[39m=\u001b[32m\"email\"\u001b[39m\n              \u001b[36m>\u001b[39m\n                \u001b[0mEmail address\u001b[0m\n              \u001b[36m</label>\u001b[39m\n              \u001b[36m<input\u001b[39m\n                \u001b[33mautocomplete\u001b[39m=\u001b[32m\"email\"\u001b[39m\n                \u001b[33mclass\u001b[39m=\u001b[32m\"mt-1.5 block w-full rounded-lg border px-3.5 py-2.5 text-sm text-slate-900 shadow-sm placeholder:text-slate-400 focus:outline-none focus:ring-2 focus:ring-blue-500 border-slate-300\"\u001b[39m\n                \u001b[33mid\u001b[39m=\u001b[32m\"email\"\u001b[39m\n                \u001b[33mname\u001b[39m=\u001b[32m\"email\"\u001b[39m\n                \u001b[33mplaceholder\u001b[39m=\u001b[32m\"you@pharmacy.com\"\u001b[39m\n                \u001b[33mtype\u001b[39m=\u001b[32m\"email\"\u001b[39m\n              \u001b[36m/>\u001b[39m\n            \u001b[36m</div>\u001b[39m\n            \u001b[36m<div>\u001b[39m\n              \u001b[36m<label\u001b[39m\n                \u001b[33mclass\u001b[39m=\u001b[32m\"block text-sm font-medium text-slate-700\"\u001b[39m\n                \u001b[33mfor\u001b[39m=\u001b[32m\"password\"\u001b[39m\n              \u001b[36m>\u001b[39m\n                \u001b[0mPassword\u001b[0m\n              \u001b[36m</label>\u001b[39m\n              \u001b[36m<div\u001b[39m\n                \u001b[33mclass\u001b[39m=\u001b[32m\"relative mt-1.5\"\u001b[39m\n              \u001b[36m>\u001b[39m\n                \u001b[36m<input\u001b[39m\n                  \u001b[33mautocomplete\u001b[39m=\u001b[32m\"current-password\"\u001b[39m\n                  \u001b[33mclass\u001b[39m=\u001b[32m\"block w-full rounded-lg border px-3.5 py-2.5 pr-10 text-sm text-slate-900 shadow-sm placeholder:text-slate-400 focus:outline-none focus:ring-2 focus:ring-blue-500 border-slate-300\"\u001b[39m\n                  \u001b[33mid\u001b[39m=\u001b[32m\"password\"\u001b[39m\n                  \u001b[33mname\u001b[39m=\u001b[32m\"password\"\u001b[39m\n                  \u001b[33mplaceholder\u001b[39m=\u001b[32m\"••••••••\"\u001b[39m\n                  \u001b[33mtype\u001b[39m=\u001b[32m\"password\"\u001b[39m\n                \u001b[36m/>\u001b[39m\n                \u001b[36m<button\u001b[39m\n                  \u001b[33maria-label\u001b[39m=\u001b[32m\"Show password\"\u001b[39m\n                  \u001b[33mclass\u001b[39m=\u001b[32m\"absolute inset-y-0 right-0 flex items-center pr-3 text-slate-400 hover:text-slate-600\"\u001b[39m\n                  \u001b[33mtabindex\u001b[39m=\u001b[32m\"-1\"\u001b[39m\n                  \u001b[33mtype\u001b[39m=\u001b[32m\"button\"\u001b[39m\n                \u001b[36m>\u001b[39m\n                  \u001b[36m<svg\u001b[39m\n                    \u001b[33maria-hidden\u001b[39m=\u001b[32m\"true\"\u001b[39m\n                    \u001b[33mclass\u001b[39m=\u001b[32m\"lucide lucide-eye h-4 w-4\"\u001b[39m\n                    \u001b[33mfill\u001b[39m=\u001b[32m\"none\"\u001b[39m\n                    \u001b[33mheight\u001b[39m=\u001b[32m\"24\"\u001b[39m\n                    \u001b[33mstroke\u001b[39m=\u001b[32m\"currentColor\"\u001b[39m\n                    \u001b[33mstroke-linecap\u001b[39m=\u001b[32m\"round\"\u001b[39m\n                    \u001b[33mstroke-linejoin\u001b[39m=\u001b[32m\"round\"\u001b[39m\n                    \u001b[33mstroke-width\u001b[39m=\u001b[32m\"2\"\u001b[39m\n                    \u001b[33mviewBox\u001b[39m=\u001b[32m\"0 0 24 24\"\u001b[39m\n                    \u001b[33mwidth\u001b[39m=\u001b[32m\"24\"\u001b[39m\n                    \u001b[33mxmlns\u001b[39m=\u001b[32m\"http://www.w3.org/2000/svg\"\u001b[39m\n                  \u001b[36m>\u001b[39m\n                    \u001b[36m<path\u001b[39m\n                      \u001b[33md\u001b[39m=\u001b[32m\"M2.062 12.348a1 1 0 0 1 0-.696 10.75 10.75 0 0 1 19.876 0 1 1 0 0 1 0 .696 10.75 10.75 0 0 1-19.876 0\"\u001b[39m\n                    \u001b[36m/>\u001b[39m\n                    \u001b[36m<circle\u001b[39m\n                      \u001b[33mcx\u001b[39m=\u001b[32m\"12\"\u001b[39m\n                      \u001b[33mcy\u001b[39m=\u001b[32m\"12\"\u001b[39m\n                      \u001b[33mr\u001b[39m=\u001b[32m\"3\"\u001b[39m\n                    \u001b[36m/>\u001b[39m\n                  \u001b[36m</svg>\u001b[39m\n                \u001b[36m</button>\u001b[39m\n              \u001b[36m</div>\u001b[39m\n            \u001b[36m</div>\u001b[39m\n            \u001b[36m<div\u001b[39m\n              \u001b[33mclass\u001b[39m=\u001b[32m\"flex items-center justify-between\"\u001b[39m\n            \u001b[36m>\u001b[39m\n              \u001b[36m<label\u001b[39m\n                \u001b[33mclass\u001b[39m=\u001b[32m\"flex items-center gap-2 text-sm text-slate-600 cursor-pointer\"\u001b[39m\n              \u001b[36m>\u001b[39m\n                \u001b[36m<input\u001b[39m\n                  \u001b[33mclass\u001b[39m=\u001b[32m\"h-4 w-4 rounded border-slate-300 text-blue-600 focus:ring-blue-500\"\u001b[39m\n                  \u001b[33mname\u001b[39m=\u001b[32m\"rememberMe\"\u001b[39m\n                  \u001b[33mtype\u001b[39m=\u001b[32m\"checkbox\"\u001b[39m\n                \u001b[36m/>\u001b[39m\n                \u001b[0mRemember me\u001b[0m\n              \u001b[36m</label>\u001b[39m\n            \u001b[36m</div>\u001b[39m\n            \u001b[36m<button\u001b[39m\n              \u001b[33mclass\u001b[39m=\u001b[32m\"flex w-full items-center justify-center gap-2 rounded-lg bg-blue-600 px-4 py-2.5 text-sm font-semibold text-white shadow-sm transition-all hover:bg-blue-700 focus:outline-none focus:ring-2 focus:ring-blue-500 focus:ring-offset-2 disabled:opacity-60 disabled:cursor-not-allowed\"\u001b[39m\n              \u001b[33mtype\u001b[39m=\u001b[32m\"submit\"\u001b[39m\n            \u001b[36m>\u001b[39m\n              \u001b[0mSign in\u001b[0m\n            \u001b[36m</button>\u001b[39m\n          \u001b[36m</form>\u001b[39m\n          \u001b[36m<p\u001b[39m\n            \u001b[33mclass\u001b[39m=\u001b[32m\"mt-8 text-center text-xs text-slate-400\"\u001b[39m\n          \u001b[36m>\u001b[39m\n            \u001b[0mPharmaCare Management System v1.0\u001b[0m\n          \u001b[36m</p>\u001b[39m\n        \u001b[36m</div>\u001b[39m\n      \u001b[36m</div>\u001b[39m\n    \u001b[36m</div>\u001b[39m\n  \u001b[36m</div>\u001b[39m\n\u001b[36m</body>\u001b[39m\n    at Object.getElementError (D:\\PharmacyManagementSys\\pharmacy-ms\\node_modules\\@testing-library\\dom\\dist\\config.js:37:19)\n    at getElementError (D:\\PharmacyManagementSys\\pharmacy-ms\\node_modules\\@testing-library\\dom\\dist\\query-helpers.js:20:35)\n    at getMultipleElementsFoundError (D:\\PharmacyManagementSys\\pharmacy-ms\\node_modules\\@testing-library\\dom\\dist\\query-helpers.js:23:10)\n    at D:\\PharmacyManagementSys\\pharmacy-ms\\node_modules\\@testing-library\\dom\\dist\\query-helpers.js:55:13\n    at getByLabelText (D:\\PharmacyManagementSys\\pharmacy-ms\\node_modules\\@testing-library\\dom\\dist\\query-helpers.js:95:19)\n    at D:/PharmacyManagementSys/pharmacy-ms/src/tests/auth.test.tsx:84:36\n    at file:///D:/PharmacyManagementSys/pharmacy-ms/node_modules/@vitest/runner/dist/index.js:915:20"],"meta":{}},{"ancestorTitles":["Authentication & Authorization","Role-based Access Control"],"fullName":"Authentication & Authorization Role-based Access Control cashier cannot access /admin/users","status":"passed","title":"cashier cannot access /admin/users","duration":19.815099999999802,"failureMessages":[],"meta":{}},{"ancestorTitles":["Authentication & Authorization","Role-based Access Control"],"fullName":"Authentication & Authorization Role-based Access Control inactive user login should be rejected","status":"passed","title":"inactive user login should be rejected","duration":71.5047999999988,"failureMessages":[],"meta":{}}],"startTime":1771921783695,"endTime":1771921785148.505,"status":"failed","message":"","name":"D:/PharmacyManagementSys/pharmacy-ms/src/tests/auth.test.tsx"},{"assertionResults":[{"ancestorTitles":["Inventory Management"],"fullName":"Inventory Management triggers low stock notification when below threshold","status":"passed","title":"triggers low stock notification when below threshold","duration":11.205700000000434,"failureMessages":[],"meta":{}},{"ancestorTitles":["Inventory Management"],"fullName":"Inventory Management detects expiry date and creates alert threshold","status":"passed","title":"detects expiry date and creates alert threshold","duration":2.079800000000432,"failureMessages":[],"meta":{}}],"startTime":1771921780608,"endTime":1771921780621.0798,"status":"passed","message":"","name":"D:/PharmacyManagementSys/pharmacy-ms/src/tests/inventory.test.tsx"},{"assertionResults":[{"ancestorTitles":["Point of Sale (POS)"],"fullName":"Point of Sale (POS) adds product to cart, sets quantity, and calculates total correctly","status":"failed","title":"adds product to cart, sets quantity, and calculates total correctly","duration":82.29349999999977,"failureMessages":["TypeError: Cannot read properties of undefined (reading 'getSession')\n    at t3 (D:/PharmacyManagementSys/pharmacy-ms/src/contexts/AuthContext.tsx:105:22)\n    at Object.react_stack_bottom_frame (D:\\PharmacyManagementSys\\pharmacy-ms\\node_modules\\react-dom\\cjs\\react-dom-client.development.js:25989:20)\n    at runWithFiberInDEV (D:\\PharmacyManagementSys\\pharmacy-ms\\node_modules\\react-dom\\cjs\\react-dom-client.development.js:874:13)\n    at commitHookEffectListMount (D:\\PharmacyManagementSys\\pharmacy-ms\\node_modules\\react-dom\\cjs\\react-dom-client.development.js:13249:29)\n    at commitHookPassiveMountEffects (D:\\PharmacyManagementSys\\pharmacy-ms\\node_modules\\react-dom\\cjs\\react-dom-client.development.js:13336:11)\n    at commitPassiveMountOnFiber (D:\\PharmacyManagementSys\\pharmacy-ms\\node_modules\\react-dom\\cjs\\react-dom-client.development.js:15484:13)\n    at recursivelyTraversePassiveMountEffects (D:\\PharmacyManagementSys\\pharmacy-ms\\node_modules\\react-dom\\cjs\\react-dom-client.development.js:15439:11)\n    at commitPassiveMountOnFiber (D:\\PharmacyManagementSys\\pharmacy-ms\\node_modules\\react-dom\\cjs\\react-dom-client.development.js:15718:11)\n    at recursivelyTraversePassiveMountEffects (D:\\PharmacyManagementSys\\pharmacy-ms\\node_modules\\react-dom\\cjs\\react-dom-client.development.js:15439:11)\n    at commitPassiveMountOnFiber (D:\\PharmacyManagementSys\\pharmacy-ms\\node_modules\\react-dom\\cjs\\react-dom-client.development.js:15718:11)"],"meta":{}},{"ancestorTitles":["Point of Sale (POS)"],"fullName":"Point of Sale (POS) simulates barcode scan and adds correct product","status":"failed","title":"simulates barcode scan and adds correct product","duration":19.98700000000099,"failureMessages":["TypeError: Cannot read properties of undefined (reading 'getSession')\n    at t3 (D:/PharmacyManagementSys/pharmacy-ms/src/contexts/AuthContext.tsx:105:22)\n    at Object.react_stack_bottom_frame (D:\\PharmacyManagementSys\\pharmacy-ms\\node_modules\\react-dom\\cjs\\react-dom-client.development.js:25989:20)\n    at runWithFiberInDEV (D:\\PharmacyManagementSys\\pharmacy-ms\\node_modules\\react-dom\\cjs\\react-dom-client.development.js:874:13)\n    at commitHookEffectListMount (D:\\PharmacyManagementSys\\pharmacy-ms\\node_modules\\react-dom\\cjs\\react-dom-client.development.js:13249:29)\n    at commitHookPassiveMountEffects (D:\\PharmacyManagementSys\\pharmacy-ms\\node_modules\\react-dom\\cjs\\react-dom-client.development.js:13336:11)\n    at commitPassiveMountOnFiber (D:\\PharmacyManagementSys\\pharmacy-ms\\node_modules\\react-dom\\cjs\\react-dom-client.development.js:15484:13)\n    at recursivelyTraversePassiveMountEffects (D:\\PharmacyManagementSys\\pharmacy-ms\\node_modules\\react-dom\\cjs\\react-dom-client.development.js:15439:11)\n    at commitPassiveMountOnFiber (D:\\PharmacyManagementSys\\pharmacy-ms\\node_modules\\react-dom\\cjs\\react-dom-client.development.js:15718:11)\n    at recursivelyTraversePassiveMountEffects (D:\\PharmacyManagementSys\\pharmacy-ms\\node_modules\\react-dom\\cjs\\react-dom-client.development.js:15439:11)\n    at commitPassiveMountOnFiber (D:\\PharmacyManagementSys\\pharmacy-ms\\node_modules\\react-dom\\cjs\\react-dom-client.development.js:15718:11)"],"meta":{}},{"ancestorTitles":["Point of Sale (POS)"],"fullName":"Point of Sale (POS) applies discount and recalculates total","status":"failed","title":"applies discount and recalculates total","duration":24.913800000000265,"failureMessages":["TypeError: Cannot read properties of undefined (reading 'getSession')\n    at t3 (D:/PharmacyManagementSys/pharmacy-ms/src/contexts/AuthContext.tsx:105:22)\n    at Object.react_stack_bottom_frame (D:\\PharmacyManagementSys\\pharmacy-ms\\node_modules\\react-dom\\cjs\\react-dom-client.development.js:25989:20)\n    at runWithFiberInDEV (D:\\PharmacyManagementSys\\pharmacy-ms\\node_modules\\react-dom\\cjs\\react-dom-client.development.js:874:13)\n    at commitHookEffectListMount (D:\\PharmacyManagementSys\\pharmacy-ms\\node_modules\\react-dom\\cjs\\react-dom-client.development.js:13249:29)\n    at commitHookPassiveMountEffects (D:\\PharmacyManagementSys\\pharmacy-ms\\node_modules\\react-dom\\cjs\\react-dom-client.development.js:13336:11)\n    at commitPassiveMountOnFiber (D:\\PharmacyManagementSys\\pharmacy-ms\\node_modules\\react-dom\\cjs\\react-dom-client.development.js:15484:13)\n    at recursivelyTraversePassiveMountEffects (D:\\PharmacyManagementSys\\pharmacy-ms\\node_modules\\react-dom\\cjs\\react-dom-client.development.js:15439:11)\n    at commitPassiveMountOnFiber (D:\\PharmacyManagementSys\\pharmacy-ms\\node_modules\\react-dom\\cjs\\react-dom-client.development.js:15718:11)\n    at recursivelyTraversePassiveMountEffects (D:\\PharmacyManagementSys\\pharmacy-ms\\node_modules\\react-dom\\cjs\\react-dom-client.development.js:15439:11)\n    at commitPassiveMountOnFiber (D:\\PharmacyManagementSys\\pharmacy-ms\\node_modules\\react-dom\\cjs\\react-dom-client.development.js:15718:11)"],"meta":{}},{"ancestorTitles":["Point of Sale (POS)"],"fullName":"Point of Sale (POS) calculates change for cash payment correctly","status":"failed","title":"calculates change for cash payment correctly","duration":23.495199999999386,"failureMessages":["TypeError: Cannot read properties of undefined (reading 'getSession')\n    at t3 (D:/PharmacyManagementSys/pharmacy-ms/src/contexts/AuthContext.tsx:105:22)\n    at Object.react_stack_bottom_frame (D:\\PharmacyManagementSys\\pharmacy-ms\\node_modules\\react-dom\\cjs\\react-dom-client.development.js:25989:20)\n    at runWithFiberInDEV (D:\\PharmacyManagementSys\\pharmacy-ms\\node_modules\\react-dom\\cjs\\react-dom-client.development.js:874:13)\n    at commitHookEffectListMount (D:\\PharmacyManagementSys\\pharmacy-ms\\node_modules\\react-dom\\cjs\\react-dom-client.development.js:13249:29)\n    at commitHookPassiveMountEffects (D:\\PharmacyManagementSys\\pharmacy-ms\\node_modules\\react-dom\\cjs\\react-dom-client.development.js:13336:11)\n    at commitPassiveMountOnFiber (D:\\PharmacyManagementSys\\pharmacy-ms\\node_modules\\react-dom\\cjs\\react-dom-client.development.js:15484:13)\n    at recursivelyTraversePassiveMountEffects (D:\\PharmacyManagementSys\\pharmacy-ms\\node_modules\\react-dom\\cjs\\react-dom-client.development.js:15439:11)\n    at commitPassiveMountOnFiber (D:\\PharmacyManagementSys\\pharmacy-ms\\node_modules\\react-dom\\cjs\\react-dom-client.development.js:15718:11)\n    at recursivelyTraversePassiveMountEffects (D:\\PharmacyManagementSys\\pharmacy-ms\\node_modules\\react-dom\\cjs\\react-dom-client.development.js:15439:11)\n    at commitPassiveMountOnFiber (D:\\PharmacyManagementSys\\pharmacy-ms\\node_modules\\react-dom\\cjs\\react-dom-client.development.js:15718:11)"],"meta":{}},{"ancestorTitles":["Point of Sale (POS)"],"fullName":"Point of Sale (POS) checkouts and creates sale, deducting inventory (mock Supabase)","status":"failed","title":"checkouts and creates sale, deducting inventory (mock Supabase)","duration":26.826900000000023,"failureMessages":["TypeError: Cannot read properties of undefined (reading 'getSession')\n    at t3 (D:/PharmacyManagementSys/pharmacy-ms/src/contexts/AuthContext.tsx:105:22)\n    at Object.react_stack_bottom_frame (D:\\PharmacyManagementSys\\pharmacy-ms\\node_modules\\react-dom\\cjs\\react-dom-client.development.js:25989:20)\n    at runWithFiberInDEV (D:\\PharmacyManagementSys\\pharmacy-ms\\node_modules\\react-dom\\cjs\\react-dom-client.development.js:874:13)\n    at commitHookEffectListMount (D:\\PharmacyManagementSys\\pharmacy-ms\\node_modules\\react-dom\\cjs\\react-dom-client.development.js:13249:29)\n    at commitHookPassiveMountEffects (D:\\PharmacyManagementSys\\pharmacy-ms\\node_modules\\react-dom\\cjs\\react-dom-client.development.js:13336:11)\n    at commitPassiveMountOnFiber (D:\\PharmacyManagementSys\\pharmacy-ms\\node_modules\\react-dom\\cjs\\react-dom-client.development.js:15484:13)\n    at recursivelyTraversePassiveMountEffects (D:\\PharmacyManagementSys\\pharmacy-ms\\node_modules\\react-dom\\cjs\\react-dom-client.development.js:15439:11)\n    at commitPassiveMountOnFiber (D:\\PharmacyManagementSys\\pharmacy-ms\\node_modules\\react-dom\\cjs\\react-dom-client.development.js:15718:11)\n    at recursivelyTraversePassiveMountEffects (D:\\PharmacyManagementSys\\pharmacy-ms\\node_modules\\react-dom\\cjs\\react-dom-client.development.js:15439:11)\n    at commitPassiveMountOnFiber (D:\\PharmacyManagementSys\\pharmacy-ms\\node_modules\\react-dom\\cjs\\react-dom-client.development.js:15718:11)"],"meta":{}}],"startTime":1771921787825,"endTime":1771921788002.827,"status":"failed","message":"","name":"D:/PharmacyManagementSys/pharmacy-ms/src/tests/pos.test.tsx"},{"assertionResults":[{"ancestorTitles":["Prescription Processing"],"fullName":"Prescription Processing detects severe drug interactions and blocks save","status":"failed","title":"detects severe drug interactions and blocks save","duration":64.4423999999999,"failureMessages":["Error: No QueryClient set, use QueryClientProvider to set one\n    at useQueryClient (file:///D:/PharmacyManagementSys/pharmacy-ms/node_modules/@tanstack/react-query/build/modern/QueryClientProvider.js:15:11)\n    at useMutation (file:///D:/PharmacyManagementSys/pharmacy-ms/node_modules/@tanstack/react-query/build/modern/useMutation.js:13:18)\n    at useUploadRxImage (D:/PharmacyManagementSys/pharmacy-ms/src/hooks/usePrescriptions.ts:376:12)\n    at CreatePrescriptionPage (D:/PharmacyManagementSys/pharmacy-ms/src/pages/prescriptions/CreatePrescriptionPage.tsx:52:25)\n    at Object.react_stack_bottom_frame (D:\\PharmacyManagementSys\\pharmacy-ms\\node_modules\\react-dom\\cjs\\react-dom-client.development.js:25904:20)\n    at renderWithHooks (D:\\PharmacyManagementSys\\pharmacy-ms\\node_modules\\react-dom\\cjs\\react-dom-client.development.js:7662:22)\n    at updateFunctionComponent (D:\\PharmacyManagementSys\\pharmacy-ms\\node_modules\\react-dom\\cjs\\react-dom-client.development.js:10166:19)\n    at beginWork (D:\\PharmacyManagementSys\\pharmacy-ms\\node_modules\\react-dom\\cjs\\react-dom-client.development.js:11778:18)\n    at runWithFiberInDEV (D:\\PharmacyManagementSys\\pharmacy-ms\\node_modules\\react-dom\\cjs\\react-dom-client.development.js:874:13)\n    at performUnitOfWork (D:\\PharmacyManagementSys\\pharmacy-ms\\node_modules\\react-dom\\cjs\\react-dom-client.development.js:17641:22)"],"meta":{}},{"ancestorTitles":["Prescription Processing"],"fullName":"Prescription Processing cross-references allergies and provides a warning","status":"passed","title":"cross-references allergies and provides a warning","duration":3.7234000000007654,"failureMessages":[],"meta":{}},{"ancestorTitles":["Prescription Processing"],"fullName":"Prescription Processing partial fill updates status to partially_filled","status":"passed","title":"partial fill updates status to partially_filled","duration":7.72609999999986,"failureMessages":[],"meta":{}},{"ancestorTitles":["Prescription Processing"],"fullName":"Prescription Processing full fill updates status to filled","status":"passed","title":"full fill updates status to filled","duration":0.9917999999997846,"failureMessages":[],"meta":{}}],"startTime":1771921787583,"endTime":1771921787659.9917,"status":"failed","message":"","name":"D:/PharmacyManagementSys/pharmacy-ms/src/tests/prescription.test.tsx"}]}
